Using pre-set license
Built from '2020.3/staging' branch; Version is '2020.3.6f1 (338bb68529b2) revision 3378102'; Using compiler version '192528614'; Build Type 'Release'
OS: 'Windows 10 Education; OS build 19044.2006; Version 2009; 64bit' Language: 'ko' Physical Memory: 16268 MB
BatchMode: 1, IsHumanControllingUs: 0, StartBugReporterOnCrash: 0, Is64bit: 1, IsPro: 0

 COMMAND LINE ARGUMENTS:
E:\2020.3.6f1\Editor\Unity.exe
-adb2
-batchMode
-noUpm
-name
AssetImportWorker2
-projectPath
E:/New/Hyunjin_metal/Engine
-logFile
Logs/AssetImportWorker2.log
-srvPort
6740
Successfully changed project path to: E:/New/Hyunjin_metal/Engine
E:/New/Hyunjin_metal/Engine
Using Asset Import Pipeline V2.
Refreshing native plugins compatible for Editor in 539.85 ms, found 1 plugins.
Preloading 0 native plugins for Editor in 0.00 ms.
Initialize engine version: 2020.3.6f1 (338bb68529b2)
[Subsystems] Discovering subsystems at path E:/2020.3.6f1/Editor/Data/Resources/UnitySubsystems
[Subsystems] Discovering subsystems at path E:/New/Hyunjin_metal/Engine/Assets
GfxDevice: creating device client; threaded=0
Direct3D:
    Version:  Direct3D 11.0 [level 11.1]
    Renderer: NVIDIA GeForce GTX 970M (ID=0x13d8)
    Vendor:   
    VRAM:     3032 MB
    Driver:   26.21.14.3630
Initialize mono
Mono path[0] = 'E:/2020.3.6f1/Editor/Data/Managed'
Mono path[1] = 'E:/2020.3.6f1/Editor/Data/MonoBleedingEdge/lib/mono/unityjit'
Mono config path = 'E:/2020.3.6f1/Editor/Data/MonoBleedingEdge/etc'
Using monoOptions --debugger-agent=transport=dt_socket,embedding=1,server=y,suspend=n,address=127.0.0.1:56072
Begin MonoManager ReloadAssembly
Registering precompiled unity dll's ...
Register platform support module: E:/2020.3.6f1/Editor/Data/PlaybackEngines/WindowsStandaloneSupport/UnityEditor.WindowsStandalone.Extensions.dll
Registered in 0.002719 seconds.
Native extension for WindowsStandalone target not found
Refreshing native plugins compatible for Editor in 237.06 ms, found 1 plugins.
Preloading 0 native plugins for Editor in 0.00 ms.
Mono: successfully reloaded assembly
- Completed reload, in  4.056 seconds
Platform modules already initialized, skipping
Registering precompiled user dll's ...
Registered in 0.002141 seconds.
Begin MonoManager ReloadAssembly
Native extension for WindowsStandalone target not found
Refreshing native plugins compatible for Editor in 81.65 ms, found 1 plugins.
Preloading 0 native plugins for Editor in 0.00 ms.
Mono: successfully reloaded assembly
- Completed reload, in  8.508 seconds
Platform modules already initialized, skipping
========================================================================
Worker process is ready to serve import requests
Launched and connected shader compiler UnityShaderCompiler.exe after 0.28 seconds
Refreshing native plugins compatible for Editor in 0.51 ms, found 1 plugins.
Preloading 0 native plugins for Editor in 0.00 ms.
Unloading 1835 Unused Serialized files (Serialized files now loaded: 0)
System memory in use before: 107.6 MB.
System memory in use after: 107.6 MB.

Unloading 23 unused Assets to reduce memory usage. Loaded Objects now: 2300.
Total: 3.760300 ms (FindLiveObjects: 0.515100 ms CreateObjectMapping: 0.602100 ms MarkObjects: 2.410400 ms  DeleteObjects: 0.230900 ms)

========================================================================
Received Import Request.
  path: Assets/Scenes/Script/DropDownChange.cs
  artifactKey: Guid(ea8a6d6770239db469a0e4ff071a27ef) Importer(815301076,1909f56bfc062723c751e8b465ee728b)
Start importing Assets/Scenes/Script/DropDownChange.cs using Guid(ea8a6d6770239db469a0e4ff071a27ef) Importer(815301076,1909f56bfc062723c751e8b465ee728b)  -> (artifact id: 'de58c016832874bca8ef4c6b51188120') in 0.139567 seconds
  Import took 0.145121 seconds .

========================================================================
Received Import Request.
  Time since last request: 0.000278 seconds.
  path: Assets/Scenes/Script/ScrollViewController.cs
  artifactKey: Guid(b5e6a74211c0ecb47a228063ddaa91d3) Importer(815301076,1909f56bfc062723c751e8b465ee728b)
Start importing Assets/Scenes/Script/ScrollViewController.cs using Guid(b5e6a74211c0ecb47a228063ddaa91d3) Importer(815301076,1909f56bfc062723c751e8b465ee728b)  -> (artifact id: '0536dc580b06c5c46d79b40375f48cdd') in 0.007415 seconds
  Import took 0.011779 seconds .

========================================================================
Received Import Request.
  Time since last request: 433.835394 seconds.
  path: Assets/Scenes/Script/ScrollViewController.cs
  artifactKey: Guid(b5e6a74211c0ecb47a228063ddaa91d3) Importer(815301076,1909f56bfc062723c751e8b465ee728b)
Start importing Assets/Scenes/Script/ScrollViewController.cs using Guid(b5e6a74211c0ecb47a228063ddaa91d3) Importer(815301076,1909f56bfc062723c751e8b465ee728b)  -> (artifact id: '5ebc1c2da3a200902ef17a0abb97c7ba') in 0.002963 seconds
  Import took 0.009815 seconds .

========================================================================
Received Prepare
Registering precompiled user dll's ...
Registered in 0.001514 seconds.
Begin MonoManager ReloadAssembly
Native extension for WindowsStandalone target not found
Refreshing native plugins compatible for Editor in 0.48 ms, found 1 plugins.
Preloading 0 native plugins for Editor in 0.00 ms.
Mono: successfully reloaded assembly
- Completed reload, in  1.231 seconds
Platform modules already initialized, skipping
Switching build target platform(5) subTarget(0) extendedPlatform(0) -> platform(13) subTarget(537395200) extendedPlatform(0)
Refreshing native plugins compatible for Editor in 0.50 ms, found 1 plugins.
Preloading 0 native plugins for Editor in 0.00 ms.
Unloading 1820 Unused Serialized files (Serialized files now loaded: 0)
System memory in use before: 105.7 MB.
System memory in use after: 105.7 MB.

Unloading 12 unused Assets to reduce memory usage. Loaded Objects now: 2303.
Total: 2.901000 ms (FindLiveObjects: 0.228600 ms CreateObjectMapping: 0.109200 ms MarkObjects: 2.385000 ms  DeleteObjects: 0.176900 ms)

AssetImportParameters requested are different than current active one (requested -> active):
  custom:graphics/normal-map-encoding: 01000000000000000000000000000000 -> 02000000000000000000000000000000
